
unning 1 test
test primitives::shard::tests::test_sharding_encryption ... FAILED

successes:

successes:

failures:

---- primitives::shard::tests::test_sharding_encryption stdout ----


 -- DUMP ----------------------------
shards: [




Shard { data: [0, 1, 2, 3, 4, 5, 6, 7, 8, 9, 10, 11, 12, 13, 14, 15, 16, 17, 18, 19, 20, 21, 22], size: 23, timestamp: 1595565229, index: 0, id: ShardID { id: [138, 205, 198, 110, 205, 5, 2, 254, 32, 167, 107, 8, 242, 208, 146, 143, 187, 10, 55, 206, 136, 120, 188, 115, 117, 16, 104, 141, 202, 221, 246, 48] } },






Shard { data: [23, 24, 25, 26, 27, 28, 29, 30, 31, 32, 33, 34, 35, 36, 37, 38, 39, 40, 41, 42, 43, 44, 45], size: 23, timestamp: 1595565229, index: 1, id: ShardID { id: [123, 56, 170, 79, 2, 147, 95, 224, 51, 82, 85, 62, 175, 60, 237, 16, 15, 143, 51, 53, 208, 41, 127, 18, 124, 69, 155, 25, 35, 147, 166, 49] } },



Shard { data: [46, 47, 48, 49, 50, 51, 52, 53, 54, 55, 56, 57, 58, 59, 60, 61, 62, 63, 64, 65, 66, 67, 68], size: 23, timestamp: 1595565229, index: 2, id: ShardID { id: [216, 146, 181, 162, 132, 21, 115, 39, 182, 194, 99, 183, 99, 81, 161, 33, 30, 67, 223, 89, 33, 5, 114, 107, 176, 18, 89, 87, 233, 253, 185, 237] } },

Shard { data: [69, 70, 71, 72, 73, 74, 75, 76, 77, 78, 79, 80, 81, 82, 83, 84, 85, 86, 87, 88, 89, 90, 91], size: 23, timestamp: 1595565229, index: 3, id: ShardID { id: [120, 72, 92, 79, 205, 138, 119, 69, 13, 122, 251, 71, 124, 138, 224, 46, 4, 32, 74, 156, 112, 188, 35, 13, 230, 21, 251, 234, 199, 148, 155, 35] } },

Shard { data: [92, 93, 94, 95, 96, 97, 98, 99, 100, 101, 102, 103, 104, 105, 106, 107, 108, 109, 110, 111, 112, 113, 114], size: 23, timestamp: 1595565229, index: 4, id: ShardID { id: [143, 40, 26, 246, 101, 71, 167, 81, 152, 135, 231, 52, 151, 253, 250, 58, 59, 215, 70, 94, 120, 90, 40, 135, 162, 60, 201, 76, 162, 211, 100, 71] } },


Shard { data: [115, 116, 117, 118, 119, 120, 121, 122, 123, 124, 125, 126, 127, 128, 129, 130, 131, 132, 133, 134, 135, 136, 137], size: 23, timestamp: 1595565229, index: 5, id: ShardID { id: [10, 98, 46, 19, 21, 215, 54, 61, 207, 116, 195, 20, 22, 82, 87, 254, 123, 231, 225, 248, 189, 218, 176, 229, 85, 237, 49, 173, 160, 12, 241, 120] } },


Shard { data: [138, 139, 140, 141, 142, 143, 144, 145, 146, 147, 148, 149, 150, 151, 152, 153, 154, 155, 156, 157, 158, 159, 160], size: 23, timestamp: 1595565229, index: 6, id: ShardID { id: [166, 28, 18, 87, 18, 194, 89, 110, 59, 11, 41, 83, 93, 143, 107, 205, 150, 84, 75, 108, 200, 190, 154, 156, 49, 73, 118, 240, 125, 223, 13, 59] } },


Shard { data: [161, 162, 163, 164, 165, 166, 167, 168, 169, 170, 171, 172, 173, 174, 175, 176, 177, 178, 179, 180, 181, 182, 183], size: 23, timestamp: 1595565229, index: 7, id: ShardID { id: [254, 158, 193, 121, 246, 108, 195, 142, 123, 238, 248, 144, 184, 127, 167, 88, 160, 23, 15, 109, 153, 75, 2, 39, 51, 201, 129, 32, 207, 30, 51, 128] } },


Shard { data: [184, 185, 186, 187, 188, 189, 190, 191, 192, 193, 194, 195, 196, 197, 198, 199, 200, 201, 202, 203, 204, 205, 206], size: 23, timestamp: 1595565229, index: 8, id: ShardID { id: [191, 133, 189, 139, 6, 91, 238, 127, 52, 187, 199, 72, 214, 120, 193, 174, 165, 69, 169, 49, 103, 187, 202, 127, 93, 38, 77, 91, 227, 61, 112, 229] } },


Shard { data: [207, 208, 209, 210, 211, 212, 213, 214, 215, 216, 217, 218, 219, 220, 221, 222, 223, 224, 225, 226, 227, 228, 229], size: 23, timestamp: 1595565229, index: 9, id: ShardID { id: [214, 117, 45, 71, 227, 16, 3, 188, 158, 111, 190, 233, 210, 75, 165, 192, 88, 253, 177, 79, 203, 31, 38, 133, 81, 71, 96, 83, 175, 75, 142, 232] } },

Shard { data: [230, 231, 232, 233, 234, 235, 236, 237, 238, 239, 240, 241, 242, 243, 244, 245, 246, 247, 248, 249, 250, 251, 252, 253, 254], size: 25, timestamp: 1595565229, index: 10, id: ShardID { id: [202, 3, 67, 177, 88, 181, 50, 14, 6, 123, 83, 10, 19, 21, 123, 59, 114, 12, 186, 34, 168, 132, 18, 224, 107, 54, 122, 28, 212, 192, 29, 152] } }]

reconstructed: [0, 1, 2, 3, 4, 5, 6, 7, 8, 9, 10, 11, 12, 13, 14, 15, 16, 17, 18, 19, 20, 21, 22, 23, 24, 25, 26, 27, 28, 29, 30, 31, 32, 33, 34, 35, 36, 37, 38, 39, 40, 41, 42, 43, 44, 45, 46, 47, 48, 49, 50, 51, 52, 53, 54, 55, 56, 57, 58, 59, 60, 61, 62, 63, 64, 65, 66, 67, 68, 69, 70, 71, 72, 73, 74, 75, 76, 77, 78, 79, 80, 81, 82, 83, 84, 85, 86, 87, 88, 89, 90, 91, 92, 93, 94, 95, 96, 97, 98, 99, 100, 101, 102, 103, 104, 105, 106, 107, 108, 109, 110, 111, 112, 113, 114, 115, 116, 117, 118, 119, 120, 121, 122, 123, 124, 125, 126, 127, 128, 129, 130, 131, 132, 133, 134, 135, 136, 137, 138, 139, 140, 141, 142, 143, 144, 145, 146, 147, 148, 149, 150, 151, 152, 153, 154, 155, 156, 157, 158, 159, 160, 161, 162, 163, 164, 165, 166, 167, 168, 169, 170, 171, 172, 173, 174, 175, 176, 177, 178, 179, 180, 181, 182, 183, 184, 185, 186, 187, 188, 189, 190, 191, 192, 193, 194, 195, 196, 197, 198, 199, 200, 201, 202, 203, 204, 205, 206, 207, 208, 209, 210, 211, 212, 213, 214, 215, 216, 217, 218, 219, 220, 221, 222, 223, 224, 225, 226, 227, 228, 229, 230, 231, 232, 233, 234, 235, 236, 237, 238, 239, 240, 241, 242, 243, 244, 245, 246, 247, 248, 249, 250, 251, 252, 253, 254]

------------------------------
thread 'primitives::shard::tests::test_sharding_encryption' panicked at 'called `Result::unwrap()` on an `Err` value: EncryptionError(DecryptionFailed)', src/primitives/shard.rs:395:31
note: run with `RUST_BACKTRACE=1` environment variable to display a backtrace


failures:
    primitives::shard::tests::test_sharding_encryption

test result: FAILED. 0 passed; 1 failed; 0 ignored; 0 measured; 15 filtered out

