
running 1 test
test primitives::shard::tests::test_reconstruction ... ok

successes:

---- primitives::shard::tests::test_reconstruction stdout ----


 -- DUMP ----------------------------
shards: [

Shard { data: [0, 1, 2, 3, 4, 5, 6, 7, 8, 9, 10, 11, 12, 13, 14, 15, 16, 17, 18, 19, 20, 21, 22, 23, 24, 25, 26, 27, 28, 29, 30, 31, 32, 33, 34, 35, 36, 37, 38, 39, 40, 41], size: 42, timestamp: 1595564979, index: 0, id: ShardID { id: [50, 232, 82, 146, 149, 80, 233, 230, 203, 128, 155, 199, 22, 94, 181, 253, 193, 193, 166, 84, 111, 80, 213, 78, 69, 249, 222, 92, 62, 218, 178, 175] } },

Shard { data: [42, 43, 44, 45, 46, 47, 48, 49, 50, 51, 52, 53, 54, 55, 56, 57, 58, 59, 60, 61, 62, 63, 64, 65, 66, 67, 68, 69, 70, 71, 72, 73, 74, 75, 76, 77, 78, 79, 80, 81, 82, 83], size: 42, timestamp: 1595564979, index: 1, id: ShardID { id: [106, 48, 71, 106, 106, 85, 253, 184, 12, 195, 151, 178, 204, 61, 48, 116, 143, 51, 217, 239, 34, 92, 255, 172, 108, 69, 221, 52, 7, 223, 3, 130] } },

Shard { data: [84, 85, 86, 87, 88, 89, 90, 91, 92, 93, 94, 95, 96, 97, 98, 99, 100, 101, 102, 103, 104, 105, 106, 107, 108, 109, 110, 111, 112, 113, 114, 115, 116, 117, 118, 119, 120, 121, 122, 123, 124, 125], size: 42, timestamp: 1595564979, index: 2, id: ShardID { id: [218, 34, 64, 30, 189, 78, 13, 170, 39, 226, 133, 53, 254, 27, 79, 195, 66, 227, 189, 7, 159, 78, 39, 3, 188, 44, 81, 74, 45, 99, 33, 155] } },

Shard { data: [126, 127, 128, 129, 130, 131, 132, 133, 134, 135, 136, 137, 138, 139, 140, 141, 142, 143, 144, 145, 146, 147, 148, 149, 150, 151, 152, 153, 154, 155, 156, 157, 158, 159, 160, 161, 162, 163, 164, 165, 166, 167], size: 42, timestamp: 1595564979, index: 3, id: ShardID { id: [20, 201, 60, 83, 217, 164, 172, 160, 188, 46, 63, 164, 120, 104, 174, 72, 171, 134, 125, 183, 230, 61, 58, 164, 111, 92, 117, 19, 203, 154, 42, 122] } },

Shard { data: [168, 169, 170, 171, 172, 173, 174, 175, 176, 177, 178, 179, 180, 181, 182, 183, 184, 185, 186, 187, 188, 189, 190, 191, 192, 193, 194, 195, 196, 197, 198, 199, 200, 201, 202, 203, 204, 205, 206, 207, 208, 209], size: 42, timestamp: 1595564979, index: 4, id: ShardID { id: [21, 136, 84, 178, 198, 230, 241, 69, 181, 175, 149, 190, 93, 244, 239, 252, 230, 76, 47, 201, 232, 17, 88, 221, 239, 241, 243, 206, 109, 92, 184, 194] } },

Shard { data: [210, 211, 212, 213, 214, 215, 216, 217, 218, 219, 220, 221, 222, 223, 224, 225, 226, 227, 228, 229, 230, 231, 232, 233, 234, 235, 236, 237, 238, 239, 240, 241, 242, 243, 244, 245, 246, 247, 248, 249, 250, 251, 252, 253, 254], size: 45, timestamp: 1595564979, index: 5, id: ShardID { id: [16, 8, 198, 195, 49, 254, 209, 254, 63, 141, 160, 144, 245, 133, 113, 172, 68, 61, 254, 52, 118, 156, 144, 72, 121, 153, 12, 241, 2, 137, 219, 74] } }]

[0, 1, 2, 3, 4, 5, 6, 7, 8, 9, 10, 11, 12, 13, 14, 15, 16, 17, 18, 19, 20, 21, 22, 23, 24, 25, 26, 27, 28, 29, 30, 31, 32, 33, 34, 35, 36, 37, 38, 39, 40, 41, 42, 43, 44, 45, 46, 47, 48, 49, 50, 51, 52, 53, 54, 55, 56, 57, 58, 59, 60, 61, 62, 63, 64, 65, 66, 67, 68, 69, 70, 71, 72, 73, 74, 75, 76, 77, 78, 79, 80, 81, 82, 83, 84, 85, 86, 87, 88, 89, 90, 91, 92, 93, 94, 95, 96, 97, 98, 99, 100, 101, 102, 103, 104, 105, 106, 107, 108, 109, 110, 111, 112, 113, 114, 115, 116, 117, 118, 119, 120, 121, 122, 123, 124, 125, 126, 127, 128, 129, 130, 131, 132, 133, 134, 135, 136, 137, 138, 139, 140, 141, 142, 143, 144, 145, 146, 147, 148, 149, 150, 151, 152, 153, 154, 155, 156, 157, 158, 159, 160, 161, 162, 163, 164, 165, 166, 167, 168, 169, 170, 171, 172, 173, 174, 175, 176, 177, 178, 179, 180, 181, 182, 183, 184, 185, 186, 187, 188, 189, 190, 191, 192, 193, 194, 195, 196, 197, 198, 199, 200, 201, 202, 203, 204, 205, 206, 207, 208, 209, 210, 211, 212, 213, 214, 215, 216, 217, 218, 219, 220, 221, 222, 223, 224, 225, 226, 227, 228, 229, 230, 231, 232, 233, 234, 235, 236, 237, 238, 239, 240, 241, 242, 243, 244, 245, 246, 247, 248, 249, 250, 251, 252, 253, 254]

------------------------------


successes:
    primitives::shard::tests::test_reconstruction

test result: ok. 1 passed; 0 failed; 0 ignored; 0 measured; 15 filtered out


running 0 tests

successes:

successes:

test result: ok. 0 passed; 0 failed; 0 ignored; 0 measured; 0 filtered out

